#
# A fatal error has been detected by the Java Runtime Environment:
#
#  EXCEPTION_ACCESS_VIOLATION (0xc0000005) at pc=0x0000000064776fb7, pid=4160, tid=4164
#
# JRE version: Java(TM) SE Runtime Environment (7.0_67-b01) (build 1.7.0_67-b01)
# Java VM: Java HotSpot(TM) 64-Bit Server VM (24.65-b04 mixed mode windows-amd64 compressed oops)
# Problematic frame:
# C  [nio.dll+0x6fb7]
#
# Failed to write core dump. Minidumps are not enabled by default on client versions of Windows
#
# If you would like to submit a bug report, please visit:
#   http://bugreport.sun.com/bugreport/crash.jsp
# The crash happened outside the Java Virtual Machine in native code.
# See problematic frame for where to report the bug.
#

---------------  T H R E A D  ---------------

Current thread (0x000000000acf8800):  JavaThread "png-cruncher_19" daemon [_thread_in_native, id=4164, stack(0x00000000101c0000,0x00000000102c0000)]

siginfo: ExceptionCode=0xc0000005, writing address 0x00000000102b2000

Registers:
RAX=0x000000000000d0d0, RBX=0x00000000b085b6c0, RCX=0x000000000acf89e8, RDX=0x00000000102be398
RSP=0x00000000102be238, RBP=0x00000000102b1280, RSI=0x0000000080000000, RDI=0x0000000002c463f0
R8 =0x000000000e78d000, R9 =0x0000000000000002, R10=0x00000000102b1000, R11=0x00000000102b2000
R12=0x0000000000000000, R13=0x00000000b085b6c0, R14=0x00000000102be398, R15=0x000000000acf8800
RIP=0x0000000064776fb7, EFLAGS=0x0000000000010287

Top of Stack: (sp=0x00000000102be238)
0x00000000102be238:   0000000002c53124 0000000063e02a70
0x00000000102be248:   00000000647768ba 000000000acf8800
0x00000000102be258:   00000000102be398 00000000b085b6c0
0x00000000102be268:   0000000000000000 0000000002c463f0
0x00000000102be278:   0000000080000000 00000000102be338
0x00000000102be288:   0000000002c53150 00000000102be368
0x00000000102be298:   00000000b085b6c0 000000000d4f6eb8
0x00000000102be2a8:   0000000000000000 00000000102be378
0x00000000102be2b8:   00000000102be370 00000000102be368
0x00000000102be2c8:   ffffffffffffffff 0000000000000000
0x00000000102be2d8:   0000000000000000 ffffffffffffffff
0x00000000102be2e8:   0000000002c53684 00000000b0034118
0x00000000102be2f8:   00000000102be2f8 0000000000000000
0x00000000102be308:   00000000102be398 00000000b085c148
0x00000000102be318:   0000000000000000 00000000b085b6c0
0x00000000102be328:   0000000000000000 00000000102be358 

Instructions: (pc=0x0000000064776fb7)
0x0000000064776f97:   d0 4d 0f 42 d3 65 4c 8b 1c 25 10 00 00 00 4d 3b
0x0000000064776fa7:   d3 73 16 66 41 81 e2 00 f0 4d 8d 9b 00 f0 ff ff
0x0000000064776fb7:   41 c6 03 00 4d 3b d3 75 f0 4c 8b 14 24 4c 8b 5c
0x0000000064776fc7:   24 08 48 83 c4 10 c3 cc cc 40 53 48 83 ec 20 b9 


Register to memory mapping:

RAX=0x000000000000d0d0 is an unknown value
RBX=0x00000000b085b6c0 is an oop
{method} 
 - klass: {other class}
RCX=0x000000000acf89e8 is an unknown value
RDX=0x00000000102be398 is pointing into the stack for thread: 0x000000000acf8800
RSP=0x00000000102be238 is pointing into the stack for thread: 0x000000000acf8800
RBP=0x00000000102b1280 is pointing into the stack for thread: 0x000000000acf8800
RSI=0x0000000080000000 is an unknown value
RDI=0x0000000002c463f0 is at code_begin+3280 in an Interpreter codelet
return entry points  [0x0000000002c45720, 0x0000000002c47520]  7680 bytes
R8 =0x000000000e78d000 is an unknown value
R9 =0x0000000000000002 is an unknown value
R10=0x00000000102b1000 is pointing into the stack for thread: 0x000000000acf8800
R11=0x00000000102b2000 is pointing into the stack for thread: 0x000000000acf8800
R12=0x0000000000000000 is an unknown value
R13=0x00000000b085b6c0 is an oop
{method} 
 - klass: {other class}
R14=0x00000000102be398 is pointing into the stack for thread: 0x000000000acf8800
R15=0x000000000acf8800 is a thread


Stack: [0x00000000101c0000,0x00000000102c0000],  sp=0x00000000102be238,  free space=1016k
Native frames: (J=compiled Java code, j=interpreted, Vv=VM code, C=native code)
C  [nio.dll+0x6fb7]

[error occurred during error reporting (printing native stack), id 0xc0000005]

Java frames: (J=compiled Java code, j=interpreted, Vv=VM code)
j  sun.nio.ch.WindowsSelectorImpl$SubSelector.poll0(JI[I[I[IJ)I+0
j  sun.nio.ch.WindowsSelectorImpl$SubSelector.poll()I+43
j  sun.nio.ch.WindowsSelectorImpl$SubSelector.access$400(Lsun/nio/ch/WindowsSelectorImpl$SubSelector;)I+1
j  sun.nio.ch.WindowsSelectorImpl.doSelect(J)I+63
j  sun.nio.ch.SelectorImpl.lockAndDoSelect(J)I+37
J 2209 C2 org.gradle.messaging.remote.internal.inet.SocketConnection$SocketOutputStream.flush()V (68 bytes) @ 0x00000000033b2d5c [0x00000000033b2d00+0x5c]
j  java.io.ObjectOutputStream$BlockDataOutputStream.flush()V+8
j  java.io.ObjectOutputStream.flush()V+4
j  org.gradle.messaging.remote.internal.Message.send(Ljava/lang/Object;Ljava/io/OutputStream;)V+15
j  org.gradle.messaging.remote.internal.DefaultMessageSerializer$MessageWriter.write(Ljava/lang/Object;)V+5
j  org.gradle.messaging.remote.internal.inet.SocketConnection.dispatch(Ljava/lang/Object;)V+5
j  org.gradle.launcher.daemon.server.SynchronizedDispatchConnection$1.run()V+11
j  org.gradle.internal.concurrent.Synchronizer.synchronize(Ljava/lang/Runnable;)V+10
j  org.gradle.launcher.daemon.server.SynchronizedDispatchConnection.dispatch(Ljava/lang/Object;)V+43
j  org.gradle.launcher.daemon.server.DefaultDaemonConnection.logEvent(Lorg/gradle/logging/internal/OutputEvent;)V+5
j  org.gradle.launcher.daemon.server.exec.LogToClient$1.onOutput(Lorg/gradle/logging/internal/OutputEvent;)V+29
J 2674 C2 sun.reflect.GeneratedMethodAccessor2.invoke(Ljava/lang/Object;[Ljava/lang/Object;)Ljava/lang/Object; (68 bytes) @ 0x0000000003460bdc [0x0000000003460b60+0x7c]
J 1415 C2 org.gradle.messaging.dispatch.ReflectionDispatch.dispatch(Ljava/lang/Object;)V (9 bytes) @ 0x0000000003060c9c [0x0000000003060c00+0x9c]
J 1643 C2 org.gradle.internal.event.BroadcastDispatch.dispatch(Lorg/gradle/messaging/dispatch/MethodInvocation;)V (147 bytes) @ 0x0000000003266a78 [0x00000000032667e0+0x298]
J 1534 C2 org.gradle.messaging.dispatch.ProxyDispatchAdapter$DispatchingInvocationHandler.invoke(Ljava/lang/Object;Ljava/lang/reflect/Method;[Ljava/lang/Object;)Ljava/lang/Object; (179 bytes) @ 0x00000000032160e4 [0x0000000003215da0+0x344]
J 3337 C2 com.sun.proxy.$Proxy0.onOutput(Lorg/gradle/logging/internal/OutputEvent;)V (34 bytes) @ 0x0000000003833364 [0x00000000038332c0+0xa4]
j  org.gradle.logging.internal.OutputEventRenderer.onOutput(Lorg/gradle/logging/internal/OutputEvent;)V+94
j  org.gradle.logging.internal.TextStreamOutputEventListener.onTextEvent(Lorg/gradle/logging/internal/StyledTextOutputEvent;)V+38
j  org.gradle.logging.internal.TextStreamOutputEventListener.onOutput(Lorg/gradle/logging/internal/OutputEvent;)V+12
j  org.gradle.logging.internal.PrintStreamLoggingSystem$OutputEventDestination.onOutput(Ljava/lang/CharSequence;)V+30
j  org.gradle.logging.internal.PrintStreamLoggingSystem$1.text(Ljava/lang/String;)V+14
j  org.gradle.util.LineBufferingOutputStream.flush()V+27
j  org.gradle.util.LineBufferingOutputStream.write(I)V+93
j  java.io.OutputStream.write([BII)V+69
J 2846 C2 sun.nio.cs.StreamEncoder.implFlushBuffer()V (15 bytes) @ 0x00000000035965d8 [0x00000000035964e0+0xf8]
J 2849 C2 sun.nio.cs.StreamEncoder.flushBuffer()V (42 bytes) @ 0x00000000035aed60 [0x00000000035aece0+0x80]
j  java.io.OutputStreamWriter.flushBuffer()V+4
j  java.io.PrintStream.newLine()V+26
j  java.io.PrintStream.println(Ljava/lang/Object;)V+15
j  org.gradle.util.LinePerThreadBufferingOutputStream.println(Ljava/lang/Object;)V+5
j  java.lang.Throwable$WrappedPrintStream.println(Ljava/lang/Object;)V+5
j  java.lang.Throwable.printStackTrace(Ljava/lang/Throwable$PrintStreamOrWriter;)V+28
j  java.lang.Throwable.printStackTrace(Ljava/io/PrintStream;)V+9
j  java.lang.Throwable.printStackTrace()V+4
j  com.android.builder.tasks.WorkQueue.run()V+43
j  java.lang.Thread.run()V+11
v  ~StubRoutines::call_stub

---------------  P R O C E S S  ---------------

Java Threads: ( => current thread )
  0x000000000d247800 JavaThread "stdout" daemon [_thread_in_native, id=8652, stack(0x00000000118c0000,0x00000000119c0000)]
  0x000000000d243800 JavaThread "stderr" daemon [_thread_in_native, id=2560, stack(0x00000000117c0000,0x00000000118c0000)]
  0x000000000d246800 JavaThread "stdout" daemon [_thread_in_native, id=8484, stack(0x0000000010bc0000,0x0000000010cc0000)]
  0x000000000d246000 JavaThread "stderr" daemon [_thread_in_native, id=816, stack(0x0000000010ac0000,0x0000000010bc0000)]
  0x000000000d242000 JavaThread "stdout" daemon [_thread_in_native, id=3532, stack(0x00000000116c0000,0x00000000117c0000)]
  0x000000000d244800 JavaThread "stderr" daemon [_thread_in_native, id=3344, stack(0x00000000115c0000,0x00000000116c0000)]
  0x000000000d245000 JavaThread "stdout" daemon [_thread_in_native, id=8172, stack(0x00000000114c0000,0x00000000115c0000)]
  0x000000000c0f2800 JavaThread "stderr" daemon [_thread_in_native, id=7996, stack(0x00000000113c0000,0x00000000114c0000)]
  0x000000000c0f2000 JavaThread "stdout" daemon [_thread_in_native, id=7416, stack(0x00000000112c0000,0x00000000113c0000)]
  0x000000000c0f3800 JavaThread "stderr" daemon [_thread_in_native, id=4340, stack(0x00000000111c0000,0x00000000112c0000)]
  0x000000000c0ef800 JavaThread "stdout" daemon [_thread_in_native, id=5672, stack(0x00000000110c0000,0x00000000111c0000)]
  0x000000000c0f1000 JavaThread "stderr" daemon [_thread_in_native, id=8436, stack(0x0000000010fc0000,0x00000000110c0000)]
  0x000000000c0ed800 JavaThread "stdout" daemon [_thread_in_native, id=8508, stack(0x0000000010dc0000,0x0000000010ec0000)]
  0x000000000c0f0800 JavaThread "stderr" daemon [_thread_in_native, id=5460, stack(0x0000000010cc0000,0x0000000010dc0000)]
  0x000000000c0ef000 JavaThread "stdout" daemon [_thread_in_native, id=900, stack(0x00000000109c0000,0x0000000010ac0000)]
  0x000000000acfd800 JavaThread "stderr" daemon [_thread_in_native, id=8936, stack(0x00000000108c0000,0x00000000109c0000)]
  0x000000000acfc000 JavaThread "png-cruncher_25" daemon [_thread_blocked, id=5104, stack(0x00000000107c0000,0x00000000108c0000)]
  0x000000000acfb800 JavaThread "png-cruncher_24" daemon [_thread_blocked, id=8736, stack(0x00000000106c0000,0x00000000107c0000)]
  0x000000000acfd000 JavaThread "png-cruncher_23" daemon [_thread_blocked, id=5260, stack(0x00000000105c0000,0x00000000106c0000)]
  0x000000000acfe800 JavaThread "png-cruncher_22" daemon [_thread_blocked, id=7936, stack(0x00000000104c0000,0x00000000105c0000)]
  0x000000000acf7800 JavaThread "png-cruncher_21" daemon [_thread_blocked, id=8488, stack(0x00000000103c0000,0x00000000104c0000)]
  0x000000000acf9000 JavaThread "png-cruncher_20" daemon [_thread_blocked, id=3704, stack(0x00000000102c0000,0x00000000103c0000)]
=>0x000000000acf8800 JavaThread "png-cruncher_19" daemon [_thread_in_native, id=4164, stack(0x00000000101c0000,0x00000000102c0000)]
  0x000000000acfa000 JavaThread "png-cruncher_18" daemon [_thread_blocked, id=528, stack(0x00000000100c0000,0x00000000101c0000)]
  0x000000000acfa800 JavaThread "png-cruncher_17" daemon [_thread_blocked, id=7724, stack(0x000000000ffc0000,0x00000000100c0000)]
  0x000000000aed7800 JavaThread "png-cruncher_16" daemon [_thread_blocked, id=5848, stack(0x000000000fec0000,0x000000000ffc0000)]
  0x000000000aed9000 JavaThread "png-cruncher_15" daemon [_thread_blocked, id=6812, stack(0x000000000fdc0000,0x000000000fec0000)]
  0x000000000aed6800 JavaThread "png-cruncher_14" daemon [_thread_blocked, id=384, stack(0x000000000fcc0000,0x000000000fdc0000)]
  0x000000000aed8800 JavaThread "png-cruncher_13" daemon [_thread_blocked, id=5808, stack(0x000000000fbc0000,0x000000000fcc0000)]
  0x000000000aed3000 JavaThread "png-cruncher_12" daemon [_thread_in_native, id=4652, stack(0x000000000fac0000,0x000000000fbc0000)]
  0x000000000aed6000 JavaThread "png-cruncher_11" daemon [_thread_blocked, id=6884, stack(0x000000000f9c0000,0x000000000fac0000)]
  0x000000000aed2000 JavaThread "png-cruncher_10" daemon [_thread_blocked, id=3292, stack(0x000000000f8c0000,0x000000000f9c0000)]
  0x000000000aed5000 JavaThread "png-cruncher_9" daemon [_thread_blocked, id=4912, stack(0x000000000f7c0000,0x000000000f8c0000)]
  0x000000000aed4800 JavaThread "png-cruncher_8" daemon [_thread_blocked, id=5564, stack(0x000000000f5c0000,0x000000000f6c0000)]
  0x000000000aed3800 JavaThread "png-cruncher_7" daemon [_thread_blocked, id=5908, stack(0x000000000f4c0000,0x000000000f5c0000)]
  0x000000000e308000 JavaThread "png-cruncher_6" daemon [_thread_blocked, id=324, stack(0x000000000f3c0000,0x000000000f4c0000)]
  0x000000000e309800 JavaThread "pool-34-thread-4" [_thread_blocked, id=7868, stack(0x000000000f2c0000,0x000000000f3c0000)]
  0x000000000e309000 JavaThread "pool-34-thread-3" [_thread_blocked, id=7908, stack(0x000000000f1c0000,0x000000000f2c0000)]
  0x000000000e307800 JavaThread "pool-34-thread-2" [_thread_blocked, id=7352, stack(0x000000000e020000,0x000000000e120000)]
  0x000000000e30a800 JavaThread "pool-34-thread-1" [_thread_blocked, id=5436, stack(0x000000000df20000,0x000000000e020000)]
  0x000000000e306000 JavaThread "Stdin handler" [_thread_blocked, id=680, stack(0x000000000de20000,0x000000000df20000)]
  0x000000000e303800 JavaThread "Cancel handler" [_thread_blocked, id=1700, stack(0x000000000ca50000,0x000000000cb50000)]
  0x000000000e305000 JavaThread "Handler for socket connection from /127.0.0.1:50039 to /127.0.0.1:57597" [_thread_in_native, id=5376, stack(0x000000000c950000,0x000000000ca50000)]
  0x000000000e304800 JavaThread "Daemon worker Thread 38" [_thread_blocked, id=2988, stack(0x000000000cb50000,0x000000000cc50000)]
  0x000000000e306800 JavaThread "Daemon Thread 38" [_thread_blocked, id=7272, stack(0x000000000c850000,0x000000000c950000)]
  0x000000000b454800 JavaThread "File lock request listener" [_thread_in_native, id=3196, stack(0x000000000cd50000,0x000000000ce50000)]
  0x000000000b466800 JavaThread "Incoming local TCP Connector on port 50039" [_thread_in_native, id=6784, stack(0x000000000b700000,0x000000000b800000)]
  0x000000000919a800 JavaThread "Service Thread" daemon [_thread_blocked, id=3216, stack(0x000000000a8e0000,0x000000000a9e0000)]
  0x000000000917a800 JavaThread "C2 CompilerThread1" daemon [_thread_blocked, id=6528, stack(0x000000000a7e0000,0x000000000a8e0000)]
  0x0000000009178800 JavaThread "C2 CompilerThread0" daemon [_thread_blocked, id=4532, stack(0x000000000a6e0000,0x000000000a7e0000)]
  0x0000000009195800 JavaThread "Attach Listener" daemon [_thread_blocked, id=7068, stack(0x000000000a5e0000,0x000000000a6e0000)]
  0x0000000009192800 JavaThread "Signal Dispatcher" daemon [_thread_blocked, id=5048, stack(0x000000000a4e0000,0x000000000a5e0000)]
  0x000000000913f800 JavaThread "Finalizer" daemon [_thread_blocked, id=7428, stack(0x000000000a3e0000,0x000000000a4e0000)]
  0x0000000009136800 JavaThread "Reference Handler" daemon [_thread_blocked, id=3204, stack(0x000000000a2e0000,0x000000000a3e0000)]
  0x0000000002b41000 JavaThread "main" [_thread_blocked, id=6108, stack(0x00000000029b0000,0x0000000002ab0000)]

Other Threads:
  0x0000000009132800 VMThread [stack: 0x000000000a1e0000,0x000000000a2e0000] [id=7408]
  0x00000000091b9000 WatcherThread [stack: 0x000000000a9e0000,0x000000000aae0000] [id=8872]

VM state:not at safepoint (normal execution)

VM Mutex/Monitor currently owned by a thread: None

Heap
 PSYoungGen      total 121344K, used 42664K [0x00000000eaa80000, 0x00000000f3400000, 0x0000000100000000)
  eden space 111104K, 29% used [0x00000000eaa80000,0x00000000eca620b8,0x00000000f1700000)
  from space 10240K, 97% used [0x00000000f1b00000,0x00000000f24c8250,0x00000000f2500000)
  to   space 14848K, 0% used [0x00000000f2580000,0x00000000f2580000,0x00000000f3400000)
 ParOldGen       total 86528K, used 48102K [0x00000000c0000000, 0x00000000c5480000, 0x00000000eaa80000)
  object space 86528K, 55% used [0x00000000c0000000,0x00000000c2ef9810,0x00000000c5480000)
 PSPermGen       total 59392K, used 58029K [0x00000000b0000000, 0x00000000b3a00000, 0x00000000c0000000)
  object space 59392K, 97% used [0x00000000b0000000,0x00000000b38ab7b8,0x00000000b3a00000)

Card table byte_map: [0x0000000005d00000,0x0000000005f90000] byte_map_base: 0x0000000005780000

Polling page: 0x0000000000e70000

Code Cache  [0x0000000002c40000, 0x0000000003920000, 0x0000000005c40000)
 total_blobs=3837 nmethods=3191 adapters=597 free_code_cache=36172Kb largest_free_block=36876992

Compilation events (10 events):
Event: 18067.777 Thread 0x0000000009178800 3478             com.android.build.gradle.internal.LoggerWrapper::verbose (280 bytes)
Event: 18067.795 Thread 0x0000000009178800 nmethod 3478 0x00000000038d3e10 code [0x00000000038d41a0, 0x00000000038d5578]
Event: 18070.224 Thread 0x000000000917a800 3479             com.google.common.base.Objects$ToStringHelper::toString (118 bytes)
Event: 18070.284 Thread 0x000000000917a800 nmethod 3479 0x000000000390fad0 code [0x000000000390fd00, 0x00000000039126b8]
Event: 18070.285 Thread 0x0000000009178800 3480             java.util.regex.Pattern$Curly::study (153 bytes)
Event: 18070.286 Thread 0x0000000009178800 nmethod 3480 0x00000000038c5f90 code [0x00000000038c60e0, 0x00000000038c6238]
Event: 18072.688 Thread 0x000000000917a800 3481             com.google.common.base.Objects$ToStringHelper$ValueHolder::<init> (5 bytes)
Event: 18072.688 Thread 0x000000000917a800 nmethod 3481 0x00000000038d9f50 code [0x00000000038da080, 0x00000000038da0d8]
Event: 18072.745 Thread 0x0000000009178800 3482             com.google.common.base.Objects$ToStringHelper$ValueHolder::<init> (5 bytes)
Event: 18072.745 Thread 0x0000000009178800 nmethod 3482 0x00000000038d3c10 code [0x00000000038d3d40, 0x00000000038d3d98]

GC Heap History (10 events):
Event: 17416.758 GC heap before
{Heap before GC invocations=93 (full 29):
 PSYoungGen      total 124928K, used 124416K [0x00000000eaa80000, 0x00000000f3f00000, 0x0000000100000000)
  eden space 124416K, 100% used [0x00000000eaa80000,0x00000000f2400000,0x00000000f2400000)
  from space 512K, 0% used [0x00000000f2480000,0x00000000f2480000,0x00000000f2500000)
  to   space 13824K, 0% used [0x00000000f3180000,0x00000000f3180000,0x00000000f3f00000)
 ParOldGen       total 86528K, used 42884K [0x00000000c0000000, 0x00000000c5480000, 0x00000000eaa80000)
  object space 86528K, 49% used [0x00000000c0000000,0x00000000c29e13f8,0x00000000c5480000)
 PSPermGen       total 59392K, used 57728K [0x00000000b0000000, 0x00000000b3a00000, 0x00000000c0000000)
  object space 59392K, 97% used [0x00000000b0000000,0x00000000b3860260,0x00000000b3a00000)
Event: 17416.764 GC heap after
Heap after GC invocations=93 (full 29):
 PSYoungGen      total 130048K, used 8464K [0x00000000eaa80000, 0x00000000f3b80000, 0x0000000100000000)
  eden space 119808K, 0% used [0x00000000eaa80000,0x00000000eaa80000,0x00000000f1f80000)
  from space 10240K, 82% used [0x00000000f3180000,0x00000000f39c4240,0x00000000f3b80000)
  to   space 14336K, 0% used [0x00000000f1f80000,0x00000000f1f80000,0x00000000f2d80000)
 ParOldGen       total 86528K, used 42884K [0x00000000c0000000, 0x00000000c5480000, 0x00000000eaa80000)
  object space 86528K, 49% used [0x00000000c0000000,0x00000000c29e13f8,0x00000000c5480000)
 PSPermGen       total 59392K, used 57728K [0x00000000b0000000, 0x00000000b3a00000, 0x00000000c0000000)
  object space 59392K, 97% used [0x00000000b0000000,0x00000000b3860260,0x00000000b3a00000)
}
Event: 17426.912 GC heap before
{Heap before GC invocations=94 (full 29):
 PSYoungGen      total 130048K, used 128272K [0x00000000eaa80000, 0x00000000f3b80000, 0x0000000100000000)
  eden space 119808K, 100% used [0x00000000eaa80000,0x00000000f1f80000,0x00000000f1f80000)
  from space 10240K, 82% used [0x00000000f3180000,0x00000000f39c4240,0x00000000f3b80000)
  to   space 14336K, 0% used [0x00000000f1f80000,0x00000000f1f80000,0x00000000f2d80000)
 ParOldGen       total 86528K, used 42884K [0x00000000c0000000, 0x00000000c5480000, 0x00000000eaa80000)
  object space 86528K, 49% used [0x00000000c0000000,0x00000000c29e13f8,0x00000000c5480000)
 PSPermGen       total 59392K, used 57812K [0x00000000b0000000, 0x00000000b3a00000, 0x00000000c0000000)
  object space 59392K, 97% used [0x00000000b0000000,0x00000000b38751e8,0x00000000b3a00000)
Event: 17426.918 GC heap after
Heap after GC invocations=94 (full 29):
 PSYoungGen      total 121344K, used 5664K [0x00000000eaa80000, 0x00000000f3600000, 0x0000000100000000)
  eden space 115200K, 0% used [0x00000000eaa80000,0x00000000eaa80000,0x00000000f1b00000)
  from space 6144K, 92% used [0x00000000f1f80000,0x00000000f2508250,0x00000000f2580000)
  to   space 13824K, 0% used [0x00000000f2880000,0x00000000f2880000,0x00000000f3600000)
 ParOldGen       total 86528K, used 43605K [0x00000000c0000000, 0x00000000c5480000, 0x00000000eaa80000)
  object space 86528K, 50% used [0x00000000c0000000,0x00000000c2a95438,0x00000000c5480000)
 PSPermGen       total 59392K, used 57812K [0x00000000b0000000, 0x00000000b3a00000, 0x00000000c0000000)
  object space 59392K, 97% used [0x00000000b0000000,0x00000000b38751e8,0x00000000b3a00000)
}
Event: 18053.640 GC heap before
{Heap before GC invocations=95 (full 29):
 PSYoungGen      total 121344K, used 118240K [0x00000000eaa80000, 0x00000000f3600000, 0x0000000100000000)
  eden space 115200K, 97% used [0x00000000eaa80000,0x00000000f1870178,0x00000000f1b00000)
  from space 6144K, 92% used [0x00000000f1f80000,0x00000000f2508250,0x00000000f2580000)
  to   space 13824K, 0% used [0x00000000f2880000,0x00000000f2880000,0x00000000f3600000)
 ParOldGen       total 86528K, used 43605K [0x00000000c0000000, 0x00000000c5480000, 0x00000000eaa80000)
  object space 86528K, 50% used [0x00000000c0000000,0x00000000c2a95438,0x00000000c5480000)
 PSPermGen       total 59392K, used 57920K [0x00000000b0000000, 0x00000000b3a00000, 0x00000000c0000000)
  object space 59392K, 97% used [0x00000000b0000000,0x00000000b3890058,0x00000000b3a00000)
Event: 18053.649 GC heap after
Heap after GC invocations=95 (full 29):
 PSYoungGen      total 128000K, used 5727K [0x00000000eaa80000, 0x00000000f3500000, 0x0000000100000000)
  eden space 115200K, 0% used [0x00000000eaa80000,0x00000000eaa80000,0x00000000f1b00000)
  from space 12800K, 44% used [0x00000000f2880000,0x00000000f2e17f30,0x00000000f3500000)
  to   space 13312K, 0% used [0x00000000f1b00000,0x00000000f1b00000,0x00000000f2800000)
 ParOldGen       total 86528K, used 43889K [0x00000000c0000000, 0x00000000c5480000, 0x00000000eaa80000)
  object space 86528K, 50% used [0x00000000c0000000,0x00000000c2adc478,0x00000000c5480000)
 PSPermGen       total 59392K, used 57920K [0x00000000b0000000, 0x00000000b3a00000, 0x00000000c0000000)
  object space 59392K, 97% used [0x00000000b0000000,0x00000000b3890058,0x00000000b3a00000)
}
Event: 18053.649 GC heap before
{Heap before GC invocations=96 (full 30):
 PSYoungGen      total 128000K, used 5727K [0x00000000eaa80000, 0x00000000f3500000, 0x0000000100000000)
  eden space 115200K, 0% used [0x00000000eaa80000,0x00000000eaa80000,0x00000000f1b00000)
  from space 12800K, 44% used [0x00000000f2880000,0x00000000f2e17f30,0x00000000f3500000)
  to   space 13312K, 0% used [0x00000000f1b00000,0x00000000f1b00000,0x00000000f2800000)
 ParOldGen       total 86528K, used 43889K [0x00000000c0000000, 0x00000000c5480000, 0x00000000eaa80000)
  object space 86528K, 50% used [0x00000000c0000000,0x00000000c2adc478,0x00000000c5480000)
 PSPermGen       total 59392K, used 57920K [0x00000000b0000000, 0x00000000b3a00000, 0x00000000c0000000)
  object space 59392K, 97% used [0x00000000b0000000,0x00000000b3890058,0x00000000b3a00000)
Event: 18053.961 GC heap after
Heap after GC invocations=96 (full 30):
 PSYoungGen      total 128000K, used 0K [0x00000000eaa80000, 0x00000000f3500000, 0x0000000100000000)
  eden space 115200K, 0% used [0x00000000eaa80000,0x00000000eaa80000,0x00000000f1b00000)
  from space 12800K, 0% used [0x00000000f2880000,0x00000000f2880000,0x00000000f3500000)
  to   space 13312K, 0% used [0x00000000f1b00000,0x00000000f1b00000,0x00000000f2800000)
 ParOldGen       total 86528K, used 48102K [0x00000000c0000000, 0x00000000c5480000, 0x00000000eaa80000)
  object space 86528K, 55% used [0x00000000c0000000,0x00000000c2ef9810,0x00000000c5480000)
 PSPermGen       total 59392K, used 57814K [0x00000000b0000000, 0x00000000b3a00000, 0x00000000c0000000)
  object space 59392K, 97% used [0x00000000b0000000,0x00000000b38759d8,0x00000000b3a00000)
}
Event: 18065.020 GC heap before
{Heap before GC invocations=97 (full 30):
 PSYoungGen      total 128000K, used 115200K [0x00000000eaa80000, 0x00000000f3500000, 0x0000000100000000)
  eden space 115200K, 100% used [0x00000000eaa80000,0x00000000f1b00000,0x00000000f1b00000)
  from space 12800K, 0% used [0x00000000f2880000,0x00000000f2880000,0x00000000f3500000)
  to   space 13312K, 0% used [0x00000000f1b00000,0x00000000f1b00000,0x00000000f2800000)
 ParOldGen       total 86528K, used 48102K [0x00000000c0000000, 0x00000000c5480000, 0x00000000eaa80000)
  object space 86528K, 55% used [0x00000000c0000000,0x00000000c2ef9810,0x00000000c5480000)
 PSPermGen       total 59392K, used 58009K [0x00000000b0000000, 0x00000000b3a00000, 0x00000000c0000000)
  object space 59392K, 97% used [0x00000000b0000000,0x00000000b38a6458,0x00000000b3a00000)
Event: 18065.027 GC heap after
Heap after GC invocations=97 (full 30):
 PSYoungGen      total 121344K, used 10016K [0x00000000eaa80000, 0x00000000f3400000, 0x0000000100000000)
  eden space 111104K, 0% used [0x00000000eaa80000,0x00000000eaa80000,0x00000000f1700000)
  from space 10240K, 97% used [0x00000000f1b00000,0x00000000f24c8250,0x00000000f2500000)
  to   space 14848K, 0% used [0x00000000f2580000,0x00000000f2580000,0x00000000f3400000)
 ParOldGen       total 86528K, used 48102K [0x00000000c0000000, 0x00000000c5480000, 0x00000000eaa80000)
  object space 86528K, 55% used [0x00000000c0000000,0x00000000c2ef9810,0x00000000c5480000)
 PSPermGen       total 59392K, used 58009K [0x00000000b0000000, 0x00000000b3a00000, 0x00000000c0000000)
  object space 59392K, 97% used [0x00000000b0000000,0x00000000b38a6458,0x00000000b3a00000)
}

Deoptimization events (10 events):
Event: 18065.138 Thread 0x000000000e304800 Uncommon trap: reason=class_check action=maybe_recompile pc=0x0000000003661174 method=com.sun.org.apache.xerces.internal.dom.NodeImpl.getUserDataRecord()Ljava/util/Hashtable; @ 1
Event: 18065.138 Thread 0x000000000e304800 Uncommon trap: reason=class_check action=maybe_recompile pc=0x0000000003681db4 method=com.sun.org.apache.xerces.internal.dom.AttributeMap.reconcileDefaults(Lcom/sun/org/apache/xerces/internal/dom/NamedNodeMapImpl;)V @ 39
Event: 18065.138 Thread 0x000000000e304800 Uncommon trap: reason=class_check action=maybe_recompile pc=0x0000000003661174 method=com.sun.org.apache.xerces.internal.dom.NodeImpl.getUserDataRecord()Ljava/util/Hashtable; @ 1
Event: 18065.138 Thread 0x000000000e304800 Uncommon trap: reason=class_check action=maybe_recompile pc=0x0000000003681db4 method=com.sun.org.apache.xerces.internal.dom.AttributeMap.reconcileDefaults(Lcom/sun/org/apache/xerces/internal/dom/NamedNodeMapImpl;)V @ 39
Event: 18065.138 Thread 0x000000000e304800 Uncommon trap: reason=class_check action=maybe_recompile pc=0x0000000003477360 method=com.sun.org.apache.xerces.internal.dom.AttributeMap.reconcileDefaults(Lcom/sun/org/apache/xerces/internal/dom/NamedNodeMapImpl;)V @ 39
Event: 18065.143 Thread 0x000000000e304800 Uncommon trap: reason=bimorphic action=maybe_recompile pc=0x00000000036fbc0c method=com.android.utils.XmlUtils.append(Ljava/lang/StringBuilder;Lorg/w3c/dom/Node;I)V @ 214
Event: 18065.143 Thread 0x000000000e304800 Uncommon trap: reason=bimorphic action=maybe_recompile pc=0x00000000036fbc0c method=com.android.utils.XmlUtils.append(Ljava/lang/StringBuilder;Lorg/w3c/dom/Node;I)V @ 214
Event: 18065.143 Thread 0x000000000e304800 Uncommon trap: reason=bimorphic action=maybe_recompile pc=0x00000000036fbc0c method=com.android.utils.XmlUtils.append(Ljava/lang/StringBuilder;Lorg/w3c/dom/Node;I)V @ 214
Event: 18065.143 Thread 0x000000000e304800 Uncommon trap: reason=bimorphic action=maybe_recompile pc=0x00000000036fbc0c method=com.android.utils.XmlUtils.append(Ljava/lang/StringBuilder;Lorg/w3c/dom/Node;I)V @ 214
Event: 18065.223 Thread 0x000000000e304800 Uncommon trap: reason=class_check action=maybe_recompile pc=0x00000000034cbe00 method=java.util.Collections.sort(Ljava/util/List;)V @ 1

Internal exceptions (10 events):
Event: 18064.141 Thread 0x000000000e304800 Implicit null exception at 0x0000000003627f8c to 0x00000000036283dd
Event: 18064.141 Thread 0x000000000e304800 Implicit null exception at 0x000000000365d014 to 0x000000000365d2d1
Event: 18064.141 Thread 0x000000000e304800 Implicit null exception at 0x0000000003551daf to 0x00000000035520d9
Event: 18064.141 Thread 0x000000000e304800 Implicit null exception at 0x0000000002f61fec to 0x0000000002f6207d
Event: 18064.981 Thread 0x000000000e304800 Implicit null exception at 0x0000000002e5dc6b to 0x0000000002e5fce9
Event: 18070.580 Thread 0x000000000c0ed800 Threw 0x00000000ebc876f0 at C:\re\jdk7u67\1368\hotspot\src\share\vm\prims\jni.cpp:743
Event: 18072.688 Thread 0x000000000aed7800 Threw 0x00000000ec7a6b40 at C:\re\jdk7u67\1368\hotspot\src\share\vm\prims\jvm.cpp:1244
Event: 18074.080 Thread 0x000000000acf8800 Threw 0x00000000eb182f58 at C:\re\jdk7u67\1368\hotspot\src\share\vm\prims\jni.cpp:743
Event: 18074.087 Thread 0x000000000acfa000 Threw 0x00000000eb13d808 at C:\re\jdk7u67\1368\hotspot\src\share\vm\prims\jni.cpp:743
Event: 18074.087 Thread 0x000000000aed6000 Threw 0x00000000eb0f80b8 at C:\re\jdk7u67\1368\hotspot\src\share\vm\prims\jni.cpp:743

Events (10 events):
Event: 18071.180 Thread 0x000000000d246000 Thread added: 0x000000000d246000
Event: 18071.180 Thread 0x000000000d246800 Thread added: 0x000000000d246800
Event: 18072.688 loading class 0x000000000af1b820
Event: 18072.688 loading class 0x000000000af1b820 done
Event: 18072.688 Executing VM operation: RevokeBias
Event: 18072.688 Executing VM operation: RevokeBias done
Event: 18074.047 Thread 0x000000000d243800 Thread added: 0x000000000d243800
Event: 18074.047 Thread 0x000000000d247800 Thread added: 0x000000000d247800
Event: 18074.080 loading class 0x0000000002b96810
Event: 18074.094 loading class 0x0000000002b96810 done


Dynamic libraries:
0x00007ff781da0000 - 0x00007ff781dd3000 	C:\Program Files\Java\jdk1.7.0_67\bin\java.exe
0x00007fffb17b0000 - 0x00007fffb195c000 	C:\Windows\SYSTEM32\ntdll.dll
0x00007fffaf390000 - 0x00007fffaf4ce000 	C:\Windows\system32\KERNEL32.DLL
0x00007fffae9e0000 - 0x00007fffaeaf5000 	C:\Windows\system32\KERNELBASE.dll
0x00007fffad4b0000 - 0x00007fffad53e000 	C:\Windows\system32\apphelp.dll
0x00007fffa2de0000 - 0x00007fffa2e33000 	C:\Windows\AppPatch\AppPatch64\AcGenral.DLL
0x00007fffaee40000 - 0x00007fffaeeea000 	C:\Windows\system32\msvcrt.dll
0x00007fffae6e0000 - 0x00007fffae70e000 	C:\Windows\SYSTEM32\SspiCli.dll
0x00007fffaf0a0000 - 0x00007fffaf0f4000 	C:\Windows\system32\SHLWAPI.dll
0x00007fffaf7a0000 - 0x00007fffaf917000 	C:\Windows\system32\USER32.dll
0x00007fffb1540000 - 0x00007fffb16d4000 	C:\Windows\system32\ole32.dll
0x00007fffaf920000 - 0x00007fffb0e39000 	C:\Windows\system32\SHELL32.dll
0x00007fffadeb0000 - 0x00007fffaded1000 	C:\Windows\SYSTEM32\USERENV.dll
0x00007fffaf4d0000 - 0x00007fffaf57a000 	C:\Windows\system32\ADVAPI32.dll
0x00007fffa1fa0000 - 0x00007fffa1fbe000 	C:\Windows\SYSTEM32\MPR.dll
0x00007fffb1010000 - 0x00007fffb1151000 	C:\Windows\system32\RPCRT4.dll
0x00007fffaf100000 - 0x00007fffaf159000 	C:\Windows\SYSTEM32\sechost.dll
0x00007fffb1180000 - 0x00007fffb1391000 	C:\Windows\SYSTEM32\combase.dll
0x00007fffaf160000 - 0x00007fffaf2b0000 	C:\Windows\system32\GDI32.dll
0x00007fffae910000 - 0x00007fffae925000 	C:\Windows\SYSTEM32\profapi.dll
0x00007ffface60000 - 0x00007fffacf12000 	C:\Windows\SYSTEM32\SHCORE.dll
0x00007fffaf580000 - 0x00007fffaf5b6000 	C:\Windows\system32\IMM32.DLL
0x00007fffb0e40000 - 0x00007fffb0f92000 	C:\Windows\system32\MSCTF.dll
0x00007fffab610000 - 0x00007fffab88a000 	C:\Windows\WinSxS\amd64_microsoft.windows.common-controls_6595b64144ccf1df_6.0.9600.17810_none_6240b9c7ecbd0bda\COMCTL32.dll
0x0000000063780000 - 0x0000000063852000 	C:\Program Files\Java\jdk1.7.0_67\jre\bin\msvcr100.dll
0x0000000063c20000 - 0x00000000643f2000 	C:\Program Files\Java\jdk1.7.0_67\jre\bin\server\jvm.dll
0x00007fffacf30000 - 0x00007fffacf39000 	C:\Windows\SYSTEM32\WSOCK32.dll
0x00007fffaa990000 - 0x00007fffaa9b2000 	C:\Windows\SYSTEM32\WINMM.dll
0x00007fffaf380000 - 0x00007fffaf387000 	C:\Windows\system32\PSAPI.DLL
0x00007fffb1470000 - 0x00007fffb14ca000 	C:\Windows\system32\WS2_32.dll
0x00007fffaa960000 - 0x00007fffaa98a000 	C:\Windows\SYSTEM32\WINMMBASE.dll
0x00007fffb1530000 - 0x00007fffb1539000 	C:\Windows\system32\NSI.dll
0x00007fffaece0000 - 0x00007fffaed2f000 	C:\Windows\SYSTEM32\cfgmgr32.dll
0x00007fffad700000 - 0x00007fffad728000 	C:\Windows\SYSTEM32\DEVOBJ.dll
0x0000000064800000 - 0x000000006480f000 	C:\Program Files\Java\jdk1.7.0_67\jre\bin\verify.dll
0x00000000647d0000 - 0x00000000647f8000 	C:\Program Files\Java\jdk1.7.0_67\jre\bin\java.dll
0x00000000647b0000 - 0x00000000647c5000 	C:\Program Files\Java\jdk1.7.0_67\jre\bin\zip.dll
0x0000000064790000 - 0x00000000647a9000 	C:\Program Files\Java\jdk1.7.0_67\jre\bin\net.dll
0x00007fffae120000 - 0x00007fffae179000 	C:\Windows\system32\mswsock.dll
0x0000000064770000 - 0x0000000064781000 	C:\Program Files\Java\jdk1.7.0_67\jre\bin\nio.dll
0x00007fffa9a80000 - 0x00007fffa9a92000 	C:\Users\longxianlin\.gradle\native\19\windows-amd64\native-platform.dll
0x00007fffa84a0000 - 0x00007fffa84ca000 	C:\Windows\SYSTEM32\IPHLPAPI.DLL
0x00007fffa8470000 - 0x00007fffa847a000 	C:\Windows\SYSTEM32\WINNSI.DLL
0x00007fffa7b70000 - 0x00007fffa7b86000 	C:\Windows\SYSTEM32\dhcpcsvc6.DLL
0x00007fffa7b50000 - 0x00007fffa7b6a000 	C:\Windows\SYSTEM32\dhcpcsvc.DLL
0x00007fffae180000 - 0x00007fffae1a0000 	C:\Windows\SYSTEM32\CRYPTSP.dll
0x00007fffadda0000 - 0x00007fffaddd6000 	C:\Windows\system32\rsaenh.dll
0x00007fffae3d0000 - 0x00007fffae3f6000 	C:\Windows\SYSTEM32\bcrypt.dll
0x00007fffae710000 - 0x00007fffae773000 	C:\Windows\system32\bcryptprimitives.dll
0x00007fffae880000 - 0x00007fffae88b000 	C:\Windows\SYSTEM32\CRYPTBASE.dll
0x0000000064760000 - 0x000000006476b000 	C:\Program Files\Java\jdk1.7.0_67\jre\bin\management.dll
0x00007fffa8c30000 - 0x00007fffa8db9000 	C:\Windows\SYSTEM32\dbghelp.dll

VM Arguments:
jvm_args: -XX:MaxPermSize=256m -XX:+HeapDumpOnOutOfMemoryError -Xmx1024m -Dfile.encoding=GBK -Duser.country=CN -Duser.language=zh -Duser.variant 
java_command: org.gradle.launcher.daemon.bootstrap.GradleDaemon 2.4 C:\Users\longxianlin\.gradle C:\Users\longxianlin\.gradle\daemon 10800000 e8e0be7d-cc17-455a-b2e9-e4564f714e5e -XX:MaxPermSize=256m -XX:+HeapDumpOnOutOfMemoryError -Xmx1024m -Dfile.encoding=GBK -Duser.country=CN -Duser.language=zh -Duser.variant
Launcher Type: SUN_STANDARD

Environment Variables:
JAVA_HOME=C:\Program Files\Java\jdk1.7.0_67
PATH=C:\Python27\;C:\Python27\Scripts;C:\Program Files (x86)\Intel\iCLS Client\;C:\Program Files\Intel\iCLS Client\;C:\Windows\system32;C:\Windows;C:\Windows\System32\Wbem;C:\Windows\System32\WindowsPowerShell\v1.0\;C:\Program Files\Intel\Intel(R) Management Engine Components\DAL;C:\Program Files (x86)\Intel\Intel(R) Management Engine Components\DAL;C:\Program Files\Intel\Intel(R) Management Engine Components\IPT;C:\Program Files (x86)\Intel\Intel(R) Management Engine Components\IPT;C:\Program Files\nodejs\;C:\Program Files\TortoiseSVN\bin;C:\Program Files\Java\jdk1.7.0_67\bin;C:\Program Files\Java\jdk1.7.0_67\jre\bin;F:\BaiduYunDownload\sdk\platform-tools
USERNAME=bayi
OS=Windows_NT
PROCESSOR_IDENTIFIER=Intel64 Family 6 Model 60 Stepping 3, GenuineIntel



---------------  S Y S T E M  ---------------

OS: Windows 8.1 , 64 bit Build 9600 

CPU:total 4 (4 cores per cpu, 1 threads per core) family 6 model 60 stepping 3, cmov, cx8, fxsr, mmx, sse, sse2, sse3, ssse3, sse4.1, sse4.2, popcnt, avx, avx2, aes, erms, tsc, tscinvbit

Memory: 4k page, physical 8328084k(943392k free), swap 11473812k(3280k free)

vm_info: Java HotSpot(TM) 64-Bit Server VM (24.65-b04) for windows-amd64 JRE (1.7.0_67-b01), built on Jul 25 2014 08:55:00 by "java_re" with unknown MS VC++:1600

time: Wed Aug 19 14:30:34 2015
elapsed time: 18074 seconds

