#
# There is insufficient memory for the Java Runtime Environment to continue.
# Native memory allocation (malloc) failed to allocate 786976 bytes for Chunk::new
# Possible reasons:
#   The system is out of physical RAM or swap space
#   In 32 bit mode, the process size limit was hit
# Possible solutions:
#   Reduce memory load on the system
#   Increase physical memory or swap space
#   Check if swap backing store is full
#   Use 64 bit Java on a 64 bit OS
#   Decrease Java heap size (-Xmx/-Xms)
#   Decrease number of Java threads
#   Decrease Java thread stack sizes (-Xss)
#   Set larger code cache with -XX:ReservedCodeCacheSize=
# This output file may be truncated or incomplete.
#
#  Out of Memory Error (allocation.cpp:323), pid=2440, tid=5912
#
# JRE version: Java(TM) SE Runtime Environment (7.0_67-b01) (build 1.7.0_67-b01)
# Java VM: Java HotSpot(TM) 64-Bit Server VM (24.65-b04 mixed mode windows-amd64 compressed oops)
# Failed to write core dump. Minidumps are not enabled by default on client versions of Windows
#

---------------  T H R E A D  ---------------

Current thread (0x0000000008851800):  JavaThread "C2 CompilerThread0" daemon [_thread_in_native, id=5912, stack(0x0000000009dc0000,0x0000000009ec0000)]

Stack: [0x0000000009dc0000,0x0000000009ec0000]

Current CompileTask:
C2:    884  218             com.android.dx.ssa.SCCP::simulateBlock (54 bytes)


---------------  P R O C E S S  ---------------

Java Threads: ( => current thread )
  0x000000000a367800 JavaThread "pool-1-thread-4" [_thread_in_Java, id=3452, stack(0x000000000a9c0000,0x000000000aac0000)]
  0x000000000a266000 JavaThread "pool-1-thread-3" [_thread_blocked, id=2228, stack(0x000000000a8c0000,0x000000000a9c0000)]
  0x000000000a3af000 JavaThread "pool-1-thread-2" [_thread_in_Java, id=5580, stack(0x000000000a7c0000,0x000000000a8c0000)]
  0x000000000a3ae800 JavaThread "pool-2-thread-1" [_thread_blocked, id=5152, stack(0x000000000a6c0000,0x000000000a7c0000)]
  0x000000000a280800 JavaThread "pool-1-thread-1" [_thread_in_vm, id=8384, stack(0x000000000a5c0000,0x000000000a6c0000)]
  0x000000000887e800 JavaThread "Service Thread" daemon [_thread_blocked, id=3216, stack(0x0000000009fc0000,0x000000000a0c0000)]
  0x0000000008853000 JavaThread "C2 CompilerThread1" daemon [_thread_in_native, id=7940, stack(0x0000000009ec0000,0x0000000009fc0000)]
=>0x0000000008851800 JavaThread "C2 CompilerThread0" daemon [_thread_in_native, id=5912, stack(0x0000000009dc0000,0x0000000009ec0000)]
  0x0000000008873000 JavaThread "Attach Listener" daemon [_thread_blocked, id=5076, stack(0x0000000009cc0000,0x0000000009dc0000)]
  0x0000000008871800 JavaThread "Signal Dispatcher" daemon [_thread_blocked, id=6856, stack(0x0000000009bc0000,0x0000000009cc0000)]
  0x000000000881e000 JavaThread "Finalizer" daemon [_thread_blocked, id=4568, stack(0x0000000009ac0000,0x0000000009bc0000)]
  0x0000000008815000 JavaThread "Reference Handler" daemon [_thread_blocked, id=4652, stack(0x00000000099c0000,0x0000000009ac0000)]
  0x0000000002841000 JavaThread "main" [_thread_in_Java, id=8248, stack(0x0000000000cd0000,0x0000000000dd0000)]

Other Threads:
  0x0000000008811000 VMThread [stack: 0x00000000098c0000,0x00000000099c0000] [id=7584]
  0x000000000888d000 WatcherThread [stack: 0x000000000a0c0000,0x000000000a1c0000] [id=2120]

VM state:not at safepoint (normal execution)

VM Mutex/Monitor currently owned by a thread: None

Heap
 PSYoungGen      total 38400K, used 12552K [0x00000000eaa80000, 0x00000000ed500000, 0x0000000100000000)
  eden space 33280K, 22% used [0x00000000eaa80000,0x00000000eb1c4a50,0x00000000ecb00000)
  from space 5120K, 99% used [0x00000000ecb00000,0x00000000ecffd958,0x00000000ed000000)
  to   space 5120K, 0% used [0x00000000ed000000,0x00000000ed000000,0x00000000ed500000)
 ParOldGen       total 86528K, used 1746K [0x00000000c0000000, 0x00000000c5480000, 0x00000000eaa80000)
  object space 86528K, 2% used [0x00000000c0000000,0x00000000c01b4a18,0x00000000c5480000)
 PSPermGen       total 21504K, used 5769K [0x00000000bae00000, 0x00000000bc300000, 0x00000000c0000000)
  object space 21504K, 26% used [0x00000000bae00000,0x00000000bb3a2400,0x00000000bc300000)

Card table byte_map: [0x0000000005a80000,0x0000000005cb0000] byte_map_base: 0x00000000054a9000

Polling page: 0x0000000000ba0000

Code Cache  [0x00000000029c0000, 0x0000000002c30000, 0x00000000059c0000)
 total_blobs=456 nmethods=217 adapters=191 free_code_cache=48290Kb largest_free_block=49427200

Compilation events (10 events):
Event: 0.786 Thread 0x0000000008851800 nmethod 213 0x0000000002a93b90 code [0x0000000002a93cc0, 0x0000000002a93d18]
Event: 0.786 Thread 0x0000000008851800  214             java.util.HashMap::<init> (119 bytes)
Event: 0.786 Thread 0x0000000008851800 nmethod 214 0x0000000002a96090 code [0x0000000002a961e0, 0x0000000002a962d8]
Event: 0.786 Thread 0x0000000008851800  215             java.util.HashMap::init (1 bytes)
Event: 0.787 Thread 0x0000000008851800 nmethod 215 0x0000000002a99410 code [0x0000000002a99540, 0x0000000002a99598]
Event: 0.787 Thread 0x0000000008851800  216             com.android.dx.rop.code.RegisterSpecSet::intersect (117 bytes)
Event: 0.792 Thread 0x0000000008851800 nmethod 216 0x0000000002a99a10 code [0x0000000002a99ba0, 0x0000000002a9a3f8]
Event: 0.792 Thread 0x0000000008851800  217             java.lang.AbstractStringBuilder::ensureCapacityInternal (16 bytes)
Event: 0.794 Thread 0x0000000008851800 nmethod 217 0x0000000002a9ae50 code [0x0000000002a9afa0, 0x0000000002a9b238]
Event: 0.794 Thread 0x0000000008851800  218             com.android.dx.ssa.SCCP::simulateBlock (54 bytes)

GC Heap History (2 events):
Event: 0.822 GC heap before
{Heap before GC invocations=1 (full 0):
 PSYoungGen      total 38400K, used 33280K [0x00000000eaa80000, 0x00000000ed500000, 0x0000000100000000)
  eden space 33280K, 100% used [0x00000000eaa80000,0x00000000ecb00000,0x00000000ecb00000)
  from space 5120K, 0% used [0x00000000ed000000,0x00000000ed000000,0x00000000ed500000)
  to   space 5120K, 0% used [0x00000000ecb00000,0x00000000ecb00000,0x00000000ed000000)
 ParOldGen       total 86528K, used 0K [0x00000000c0000000, 0x00000000c5480000, 0x00000000eaa80000)
  object space 86528K, 0% used [0x00000000c0000000,0x00000000c0000000,0x00000000c5480000)
 PSPermGen       total 21504K, used 5742K [0x00000000bae00000, 0x00000000bc300000, 0x00000000c0000000)
  object space 21504K, 26% used [0x00000000bae00000,0x00000000bb39b870,0x00000000bc300000)
Event: 0.840 GC heap after
Heap after GC invocations=1 (full 0):
 PSYoungGen      total 38400K, used 5110K [0x00000000eaa80000, 0x00000000ed500000, 0x0000000100000000)
  eden space 33280K, 0% used [0x00000000eaa80000,0x00000000eaa80000,0x00000000ecb00000)
  from space 5120K, 99% used [0x00000000ecb00000,0x00000000ecffd958,0x00000000ed000000)
  to   space 5120K, 0% used [0x00000000ed000000,0x00000000ed000000,0x00000000ed500000)
 ParOldGen       total 86528K, used 1746K [0x00000000c0000000, 0x00000000c5480000, 0x00000000eaa80000)
  object space 86528K, 2% used [0x00000000c0000000,0x00000000c01b4a18,0x00000000c5480000)
 PSPermGen       total 21504K, used 5742K [0x00000000bae00000, 0x00000000bc300000, 0x00000000c0000000)
  object space 21504K, 26% used [0x00000000bae00000,0x00000000bb39b870,0x00000000bc300000)
}

Deoptimization events (7 events):
Event: 0.378 Thread 0x000000000a280800 Uncommon trap: reason=null_check action=make_not_entrant pc=0x0000000002a36f0c method=com.android.dx.rop.code.LocalItem.equals(Ljava/lang/Object;)Z @ 1
Event: 0.402 Thread 0x000000000a266000 Uncommon trap: reason=class_check action=maybe_recompile pc=0x0000000002a33898 method=com.android.dx.ssa.NormalSsaInsn.accept(Lcom/android/dx/ssa/SsaInsn$Visitor;)V @ 9
Event: 0.402 Thread 0x000000000a266000 Uncommon trap: reason=class_check action=maybe_recompile pc=0x0000000002a33898 method=com.android.dx.ssa.NormalSsaInsn.accept(Lcom/android/dx/ssa/SsaInsn$Visitor;)V @ 9
Event: 0.402 Thread 0x000000000a266000 Uncommon trap: reason=class_check action=maybe_recompile pc=0x0000000002a33898 method=com.android.dx.ssa.NormalSsaInsn.accept(Lcom/android/dx/ssa/SsaInsn$Visitor;)V @ 9
Event: 0.402 Thread 0x000000000a266000 Uncommon trap: reason=class_check action=maybe_recompile pc=0x0000000002a33898 method=com.android.dx.ssa.NormalSsaInsn.accept(Lcom/android/dx/ssa/SsaInsn$Visitor;)V @ 9
Event: 0.437 Thread 0x000000000a367800 Uncommon trap: reason=null_check action=make_not_entrant pc=0x0000000002a46ecc method=com.android.dx.ssa.SsaRenamer.getLocalForNewReg(I)Lcom/android/dx/rop/code/LocalItem; @ 19
Event: 0.640 Thread 0x000000000a280800 Uncommon trap: reason=null_check action=make_not_entrant pc=0x0000000002a6f194 method=com.android.dx.rop.type.Type.equals(Ljava/lang/Object;)Z @ 8

Internal exceptions (10 events):
Event: 0.318 Thread 0x000000000a367800 Threw 0x00000000eb402a38 at C:\re\jdk7u67\1368\hotspot\src\share\vm\prims\jvm.cpp:1244
Event: 0.319 Thread 0x000000000a367800 Threw 0x00000000eb406de8 at C:\re\jdk7u67\1368\hotspot\src\share\vm\prims\jvm.cpp:1244
Event: 0.320 Thread 0x000000000a280800 Threw 0x00000000eb1f27c0 at C:\re\jdk7u67\1368\hotspot\src\share\vm\prims\jvm.cpp:1244
Event: 0.321 Thread 0x000000000a3af000 Threw 0x00000000eb4ecdc8 at C:\re\jdk7u67\1368\hotspot\src\share\vm\prims\jvm.cpp:1244
Event: 0.322 Thread 0x000000000a280800 Threw 0x00000000eb1fc098 at C:\re\jdk7u67\1368\hotspot\src\share\vm\prims\jvm.cpp:1244
Event: 0.324 Thread 0x000000000a280800 Threw 0x00000000eb203bf0 at C:\re\jdk7u67\1368\hotspot\src\share\vm\prims\jvm.cpp:1244
Event: 0.378 Thread 0x000000000a280800 Implicit null exception at 0x0000000002a36b15 to 0x0000000002a36ef9
Event: 0.437 Thread 0x000000000a367800 Implicit null exception at 0x0000000002a46398 to 0x0000000002a46eb1
Event: 0.640 Thread 0x000000000a280800 Implicit null exception at 0x0000000002a6f092 to 0x0000000002a6f185
Event: 0.848 Thread 0x0000000002841000 Threw 0x00000000eaae0a68 at C:\re\jdk7u67\1368\hotspot\src\share\vm\prims\jvm.cpp:1244

Events (10 events):
Event: 0.437 Thread 0x000000000a367800 Uncommon trap: trap_request=0xfffffff4 fr.pc=0x0000000002a46ecc
Event: 0.437 Thread 0x000000000a367800 DEOPT PACKING pc=0x0000000002a46ecc sp=0x000000000aabe8d0
Event: 0.437 Thread 0x000000000a367800 DEOPT UNPACKING pc=0x00000000029f75a4 sp=0x000000000aabe6c8 mode 2
Event: 0.640 Thread 0x000000000a280800 Uncommon trap: trap_request=0xfffffff4 fr.pc=0x0000000002a6f194
Event: 0.640 Thread 0x000000000a280800 DEOPT PACKING pc=0x0000000002a6f194 sp=0x000000000a6bebb0
Event: 0.640 Thread 0x000000000a280800 DEOPT UNPACKING pc=0x00000000029f75a4 sp=0x000000000a6beb48 mode 2
Event: 0.812 Executing VM operation: ParallelGCFailedAllocation
Event: 0.840 Executing VM operation: ParallelGCFailedAllocation done
Event: 0.848 loading class 0x000000000a32e430
Event: 0.848 loading class 0x000000000a32e430 done


Dynamic libraries:
0x00007ff781da0000 - 0x00007ff781dd3000 	C:\Program Files\Java\jdk1.7.0_67\bin\java.exe
0x00007fffb17b0000 - 0x00007fffb195c000 	C:\Windows\SYSTEM32\ntdll.dll
0x00007fffaf390000 - 0x00007fffaf4ce000 	C:\Windows\system32\KERNEL32.DLL
0x00007fffae9e0000 - 0x00007fffaeaf5000 	C:\Windows\system32\KERNELBASE.dll
0x00007fffad4b0000 - 0x00007fffad53e000 	C:\Windows\system32\apphelp.dll
0x00007fffa2de0000 - 0x00007fffa2e33000 	C:\Windows\AppPatch\AppPatch64\AcGenral.DLL
0x00007fffaee40000 - 0x00007fffaeeea000 	C:\Windows\system32\msvcrt.dll
0x00007fffae6e0000 - 0x00007fffae70e000 	C:\Windows\SYSTEM32\SspiCli.dll
0x00007fffaf0a0000 - 0x00007fffaf0f4000 	C:\Windows\system32\SHLWAPI.dll
0x00007fffaf7a0000 - 0x00007fffaf917000 	C:\Windows\system32\USER32.dll
0x00007fffb1540000 - 0x00007fffb16d4000 	C:\Windows\system32\ole32.dll
0x00007fffaf920000 - 0x00007fffb0e39000 	C:\Windows\system32\SHELL32.dll
0x00007fffadeb0000 - 0x00007fffaded1000 	C:\Windows\SYSTEM32\USERENV.dll
0x00007fffaf4d0000 - 0x00007fffaf57a000 	C:\Windows\system32\ADVAPI32.dll
0x00007fffa1fa0000 - 0x00007fffa1fbe000 	C:\Windows\SYSTEM32\MPR.dll
0x00007fffb1010000 - 0x00007fffb1151000 	C:\Windows\system32\RPCRT4.dll
0x00007fffaf100000 - 0x00007fffaf159000 	C:\Windows\SYSTEM32\sechost.dll
0x00007fffb1180000 - 0x00007fffb1391000 	C:\Windows\SYSTEM32\combase.dll
0x00007fffaf160000 - 0x00007fffaf2b0000 	C:\Windows\system32\GDI32.dll
0x00007fffae910000 - 0x00007fffae925000 	C:\Windows\SYSTEM32\profapi.dll
0x00007ffface60000 - 0x00007fffacf12000 	C:\Windows\SYSTEM32\SHCORE.dll
0x00007fffaf580000 - 0x00007fffaf5b6000 	C:\Windows\system32\IMM32.DLL
0x00007fffb0e40000 - 0x00007fffb0f92000 	C:\Windows\system32\MSCTF.dll
0x00007fffab610000 - 0x00007fffab88a000 	C:\Windows\WinSxS\amd64_microsoft.windows.common-controls_6595b64144ccf1df_6.0.9600.17810_none_6240b9c7ecbd0bda\COMCTL32.dll
0x0000000063390000 - 0x0000000063462000 	C:\Program Files\Java\jdk1.7.0_67\jre\bin\msvcr100.dll
0x0000000063c20000 - 0x00000000643f2000 	C:\Program Files\Java\jdk1.7.0_67\jre\bin\server\jvm.dll
0x00007fffacf30000 - 0x00007fffacf39000 	C:\Windows\SYSTEM32\WSOCK32.dll
0x00007fffaa990000 - 0x00007fffaa9b2000 	C:\Windows\SYSTEM32\WINMM.dll
0x00007fffaf380000 - 0x00007fffaf387000 	C:\Windows\system32\PSAPI.DLL
0x00007fffb1470000 - 0x00007fffb14ca000 	C:\Windows\system32\WS2_32.dll
0x00007fffaa960000 - 0x00007fffaa98a000 	C:\Windows\SYSTEM32\WINMMBASE.dll
0x00007fffb1530000 - 0x00007fffb1539000 	C:\Windows\system32\NSI.dll
0x00007fffaece0000 - 0x00007fffaed2f000 	C:\Windows\SYSTEM32\cfgmgr32.dll
0x00007fffad700000 - 0x00007fffad728000 	C:\Windows\SYSTEM32\DEVOBJ.dll
0x0000000064800000 - 0x000000006480f000 	C:\Program Files\Java\jdk1.7.0_67\jre\bin\verify.dll
0x00000000647d0000 - 0x00000000647f8000 	C:\Program Files\Java\jdk1.7.0_67\jre\bin\java.dll
0x00000000647b0000 - 0x00000000647c5000 	C:\Program Files\Java\jdk1.7.0_67\jre\bin\zip.dll
0x0000000064790000 - 0x00000000647a9000 	C:\Program Files\Java\jdk1.7.0_67\jre\bin\net.dll
0x00007fffae120000 - 0x00007fffae179000 	C:\Windows\system32\mswsock.dll
0x0000000064770000 - 0x0000000064781000 	C:\Program Files\Java\jdk1.7.0_67\jre\bin\nio.dll

VM Arguments:
jvm_args: -Xmx1024M -Dfile.encoding=GBK -Duser.country=CN -Duser.language=zh -Duser.variant 
java_command: com.android.dx.command.Main --dex --num-threads=4 --output F:\zoubin\studiowork\WitStore\witstore\build\intermediates\pre-dexed\debug\universal-image-loader-1.9.3-1e74cb1380cccb70aca76eeed05a838389409564.jar F:\zoubin\studiowork\WitStore\witstore\libs\universal-image-loader-1.9.3.jar
Launcher Type: SUN_STANDARD

Environment Variables:
JAVA_HOME=C:\Program Files\Java\jdk1.7.0_67
PATH=C:\Python27\;C:\Python27\Scripts;C:\Program Files (x86)\Intel\iCLS Client\;C:\Program Files\Intel\iCLS Client\;C:\Windows\system32;C:\Windows;C:\Windows\System32\Wbem;C:\Windows\System32\WindowsPowerShell\v1.0\;C:\Program Files\Intel\Intel(R) Management Engine Components\DAL;C:\Program Files (x86)\Intel\Intel(R) Management Engine Components\DAL;C:\Program Files\Intel\Intel(R) Management Engine Components\IPT;C:\Program Files (x86)\Intel\Intel(R) Management Engine Components\IPT;C:\Program Files\nodejs\;C:\Program Files\TortoiseSVN\bin;C:\Program Files\Java\jdk1.7.0_67\bin;C:\Program Files\Java\jdk1.7.0_67\jre\bin;F:\BaiduYunDownload\sdk\platform-tools
USERNAME=bayi
OS=Windows_NT
PROCESSOR_IDENTIFIER=Intel64 Family 6 Model 60 Stepping 3, GenuineIntel



---------------  S Y S T E M  ---------------

OS: Windows 8.1 , 64 bit Build 9600 

CPU:total 4 (4 cores per cpu, 1 threads per core) family 6 model 60 stepping 3, cmov, cx8, fxsr, mmx, sse, sse2, sse3, ssse3, sse4.1, sse4.2, popcnt, avx, avx2, aes, erms, tsc, tscinvbit

Memory: 4k page, physical 8328084k(2847296k free), swap 11473812k(5564k free)

vm_info: Java HotSpot(TM) 64-Bit Server VM (24.65-b04) for windows-amd64 JRE (1.7.0_67-b01), built on Jul 25 2014 08:55:00 by "java_re" with unknown MS VC++:1600

time: Wed Aug 19 14:36:44 2015
elapsed time: 0 seconds

